==> Checking for `sudo` access (which may request your password)...
==> This script will install:
/opt/homebrew/bin/brew
/opt/homebrew/share/doc/homebrew
/opt/homebrew/share/man/man1/brew.1
/opt/homebrew/share/zsh/site-functions/_brew
/opt/homebrew/etc/bash_completion.d/brew
/opt/homebrew

Press RETURN/ENTER to continue or any other key to abort:
==> /usr/bin/sudo /usr/sbin/chown -R safl:admin /opt/homebrew
==> Downloading and installing Homebrew...
HEAD is now at 6b5b786f2 Merge pull request #14496 from Rylan12/update-max-time
==> Installation successful!

==> Homebrew has enabled anonymous aggregate formulae and cask analytics.
Read the analytics documentation (and how to opt-out) here:
  https://docs.brew.sh/Analytics
No analytics data has been sent yet (nor will any be during this install run).

==> Homebrew is run entirely by unpaid volunteers. Please consider donating:
  https://github.com/Homebrew/brew#donations

==> Next steps:
- Run brew help to get started
- Further documentation:
    https://docs.brew.sh


From https://github.com/Homebrew/brew
 * [new branch]          dependabot/bundler/Library/Homebrew/rspec-core-3.12.1 -> origin/dependabot/bundler/Library/Homebrew/rspec-core-3.12.1
   6a8dd4ff5..6b5b786f2  master     -> origin/master
Updated 1 tap (homebrew/core).
